
*** Running vivado
    with args -log frame_blk_mem.vds -m64 -product Vivado -mode batch -messageDb vivado.pb -notrace -source frame_blk_mem.tcl


****** Vivado v2019.2 (64-bit)
  **** SW Build 2708876 on Wed Nov  6 21:40:23 MST 2019
  **** IP Build 2700528 on Thu Nov  7 00:09:20 MST 2019
    ** Copyright 1986-2019 Xilinx, Inc. All Rights Reserved.

source frame_blk_mem.tcl -notrace
Command: synth_design -top frame_blk_mem -part xc7a100tcsg324-1 -mode out_of_context
Starting synth_design
Attempting to get a license for feature 'Synthesis' and/or device 'xc7a100t'
INFO: [Common 17-349] Got license for feature 'Synthesis' and/or device 'xc7a100t'
INFO: [Device 21-403] Loading part xc7a100tcsg324-1
INFO: Launching helper process for spawning children vivado processes
INFO: Helper process launched with PID 1264 
---------------------------------------------------------------------------------
Starting RTL Elaboration : Time (s): cpu = 00:00:08 ; elapsed = 00:00:09 . Memory (MB): peak = 819.961 ; gain = 234.500
---------------------------------------------------------------------------------
INFO: [Synth 8-638] synthesizing module 'frame_blk_mem' [c:/Users/Nana/6111Projects/Balls_col2/Balls_col2.srcs/sources_1/ip/frame_blk_mem/synth/frame_blk_mem.vhd:76]
	Parameter C_FAMILY bound to: artix7 - type: string 
	Parameter C_XDEVICEFAMILY bound to: artix7 - type: string 
	Parameter C_ELABORATION_DIR bound to: ./ - type: string 
	Parameter C_INTERFACE_TYPE bound to: 0 - type: integer 
	Parameter C_AXI_TYPE bound to: 1 - type: integer 
	Parameter C_AXI_SLAVE_TYPE bound to: 0 - type: integer 
	Parameter C_USE_BRAM_BLOCK bound to: 0 - type: integer 
	Parameter C_ENABLE_32BIT_ADDRESS bound to: 0 - type: integer 
	Parameter C_CTRL_ECC_ALGO bound to: NONE - type: string 
	Parameter C_HAS_AXI_ID bound to: 0 - type: integer 
	Parameter C_AXI_ID_WIDTH bound to: 4 - type: integer 
	Parameter C_MEM_TYPE bound to: 2 - type: integer 
	Parameter C_BYTE_SIZE bound to: 9 - type: integer 
	Parameter C_ALGORITHM bound to: 1 - type: integer 
	Parameter C_PRIM_TYPE bound to: 1 - type: integer 
	Parameter C_LOAD_INIT_FILE bound to: 0 - type: integer 
	Parameter C_INIT_FILE_NAME bound to: no_coe_file_loaded - type: string 
	Parameter C_INIT_FILE bound to: frame_blk_mem.mem - type: string 
	Parameter C_USE_DEFAULT_DATA bound to: 0 - type: integer 
	Parameter C_DEFAULT_DATA bound to: 0 - type: string 
	Parameter C_HAS_RSTA bound to: 0 - type: integer 
	Parameter C_RST_PRIORITY_A bound to: CE - type: string 
	Parameter C_RSTRAM_A bound to: 0 - type: integer 
	Parameter C_INITA_VAL bound to: 0 - type: string 
	Parameter C_HAS_ENA bound to: 1 - type: integer 
	Parameter C_HAS_REGCEA bound to: 0 - type: integer 
	Parameter C_USE_BYTE_WEA bound to: 0 - type: integer 
	Parameter C_WEA_WIDTH bound to: 1 - type: integer 
	Parameter C_WRITE_MODE_A bound to: WRITE_FIRST - type: string 
	Parameter C_WRITE_WIDTH_A bound to: 1 - type: integer 
	Parameter C_READ_WIDTH_A bound to: 1 - type: integer 
	Parameter C_WRITE_DEPTH_A bound to: 786432 - type: integer 
	Parameter C_READ_DEPTH_A bound to: 786432 - type: integer 
	Parameter C_ADDRA_WIDTH bound to: 20 - type: integer 
	Parameter C_HAS_RSTB bound to: 0 - type: integer 
	Parameter C_RST_PRIORITY_B bound to: CE - type: string 
	Parameter C_RSTRAM_B bound to: 0 - type: integer 
	Parameter C_INITB_VAL bound to: 0 - type: string 
	Parameter C_HAS_ENB bound to: 1 - type: integer 
	Parameter C_HAS_REGCEB bound to: 0 - type: integer 
	Parameter C_USE_BYTE_WEB bound to: 0 - type: integer 
	Parameter C_WEB_WIDTH bound to: 1 - type: integer 
	Parameter C_WRITE_MODE_B bound to: WRITE_FIRST - type: string 
	Parameter C_WRITE_WIDTH_B bound to: 1 - type: integer 
	Parameter C_READ_WIDTH_B bound to: 1 - type: integer 
	Parameter C_WRITE_DEPTH_B bound to: 786432 - type: integer 
	Parameter C_READ_DEPTH_B bound to: 786432 - type: integer 
	Parameter C_ADDRB_WIDTH bound to: 20 - type: integer 
	Parameter C_HAS_MEM_OUTPUT_REGS_A bound to: 1 - type: integer 
	Parameter C_HAS_MEM_OUTPUT_REGS_B bound to: 1 - type: integer 
	Parameter C_HAS_MUX_OUTPUT_REGS_A bound to: 0 - type: integer 
	Parameter C_HAS_MUX_OUTPUT_REGS_B bound to: 0 - type: integer 
	Parameter C_MUX_PIPELINE_STAGES bound to: 0 - type: integer 
	Parameter C_HAS_SOFTECC_INPUT_REGS_A bound to: 0 - type: integer 
	Parameter C_HAS_SOFTECC_OUTPUT_REGS_B bound to: 0 - type: integer 
	Parameter C_USE_SOFTECC bound to: 0 - type: integer 
	Parameter C_USE_ECC bound to: 0 - type: integer 
	Parameter C_EN_ECC_PIPE bound to: 0 - type: integer 
	Parameter C_READ_LATENCY_A bound to: 1 - type: integer 
	Parameter C_READ_LATENCY_B bound to: 1 - type: integer 
	Parameter C_HAS_INJECTERR bound to: 0 - type: integer 
	Parameter C_SIM_COLLISION_CHECK bound to: ALL - type: string 
	Parameter C_COMMON_CLK bound to: 0 - type: integer 
	Parameter C_DISABLE_WARN_BHV_COLL bound to: 0 - type: integer 
	Parameter C_EN_SLEEP_PIN bound to: 0 - type: integer 
	Parameter C_USE_URAM bound to: 0 - type: integer 
	Parameter C_EN_RDADDRA_CHG bound to: 0 - type: integer 
	Parameter C_EN_RDADDRB_CHG bound to: 0 - type: integer 
	Parameter C_EN_DEEPSLEEP_PIN bound to: 0 - type: integer 
	Parameter C_EN_SHUTDOWN_PIN bound to: 0 - type: integer 
	Parameter C_EN_SAFETY_CKT bound to: 0 - type: integer 
	Parameter C_DISABLE_WARN_BHV_RANGE bound to: 0 - type: integer 
	Parameter C_COUNT_36K_BRAM bound to: 24 - type: string 
	Parameter C_COUNT_18K_BRAM bound to: 0 - type: string 
	Parameter C_EST_POWER_SUMMARY bound to: Estimated Power for IP     :     4.6423 mW - type: string 
INFO: [Synth 8-3491] module 'blk_mem_gen_v8_4_4' declared at 'c:/Users/Nana/6111Projects/Balls_col2/Balls_col2.srcs/sources_1/ip/frame_blk_mem/hdl/blk_mem_gen_v8_4_vhsyn_rfs.vhd:195321' bound to instance 'U0' of component 'blk_mem_gen_v8_4_4' [c:/Users/Nana/6111Projects/Balls_col2/Balls_col2.srcs/sources_1/ip/frame_blk_mem/synth/frame_blk_mem.vhd:249]
INFO: [Synth 8-256] done synthesizing module 'frame_blk_mem' (11#1) [c:/Users/Nana/6111Projects/Balls_col2/Balls_col2.srcs/sources_1/ip/frame_blk_mem/synth/frame_blk_mem.vhd:76]
WARNING: [Synth 8-3331] design blk_mem_output_block has unconnected port CLKB
WARNING: [Synth 8-3331] design blk_mem_output_block has unconnected port SBITERR_I
WARNING: [Synth 8-3331] design blk_mem_output_block has unconnected port DBITERR_I
WARNING: [Synth 8-3331] design blk_mem_output_block has unconnected port RDADDRECC_I[19]
WARNING: [Synth 8-3331] design blk_mem_output_block has unconnected port RDADDRECC_I[18]
WARNING: [Synth 8-3331] design blk_mem_output_block has unconnected port RDADDRECC_I[17]
WARNING: [Synth 8-3331] design blk_mem_output_block has unconnected port RDADDRECC_I[16]
WARNING: [Synth 8-3331] design blk_mem_output_block has unconnected port RDADDRECC_I[15]
WARNING: [Synth 8-3331] design blk_mem_output_block has unconnected port RDADDRECC_I[14]
WARNING: [Synth 8-3331] design blk_mem_output_block has unconnected port RDADDRECC_I[13]
WARNING: [Synth 8-3331] design blk_mem_output_block has unconnected port RDADDRECC_I[12]
WARNING: [Synth 8-3331] design blk_mem_output_block has unconnected port RDADDRECC_I[11]
WARNING: [Synth 8-3331] design blk_mem_output_block has unconnected port RDADDRECC_I[10]
WARNING: [Synth 8-3331] design blk_mem_output_block has unconnected port RDADDRECC_I[9]
WARNING: [Synth 8-3331] design blk_mem_output_block has unconnected port RDADDRECC_I[8]
WARNING: [Synth 8-3331] design blk_mem_output_block has unconnected port RDADDRECC_I[7]
WARNING: [Synth 8-3331] design blk_mem_output_block has unconnected port RDADDRECC_I[6]
WARNING: [Synth 8-3331] design blk_mem_output_block has unconnected port RDADDRECC_I[5]
WARNING: [Synth 8-3331] design blk_mem_output_block has unconnected port RDADDRECC_I[4]
WARNING: [Synth 8-3331] design blk_mem_output_block has unconnected port RDADDRECC_I[3]
WARNING: [Synth 8-3331] design blk_mem_output_block has unconnected port RDADDRECC_I[2]
WARNING: [Synth 8-3331] design blk_mem_output_block has unconnected port RDADDRECC_I[1]
WARNING: [Synth 8-3331] design blk_mem_output_block has unconnected port RDADDRECC_I[0]
WARNING: [Synth 8-3331] design blk_mem_gen_prim_wrapper__parameterized10 has unconnected port SBITERR
WARNING: [Synth 8-3331] design blk_mem_gen_prim_wrapper__parameterized10 has unconnected port DBITERR
WARNING: [Synth 8-3331] design blk_mem_gen_prim_wrapper__parameterized10 has unconnected port SSRA
WARNING: [Synth 8-3331] design blk_mem_gen_prim_wrapper__parameterized10 has unconnected port SSRB
WARNING: [Synth 8-3331] design blk_mem_gen_prim_wrapper__parameterized10 has unconnected port SLEEP
WARNING: [Synth 8-3331] design blk_mem_gen_prim_wrapper__parameterized10 has unconnected port INJECTSBITERR
WARNING: [Synth 8-3331] design blk_mem_gen_prim_wrapper__parameterized10 has unconnected port INJECTDBITERR
WARNING: [Synth 8-3331] design blk_mem_gen_prim_wrapper__parameterized10 has unconnected port ECCPIPECE
WARNING: [Synth 8-3331] design blk_mem_gen_prim_wrapper__parameterized9 has unconnected port SBITERR
WARNING: [Synth 8-3331] design blk_mem_gen_prim_wrapper__parameterized9 has unconnected port DBITERR
WARNING: [Synth 8-3331] design blk_mem_gen_prim_wrapper__parameterized9 has unconnected port SSRA
WARNING: [Synth 8-3331] design blk_mem_gen_prim_wrapper__parameterized9 has unconnected port SSRB
WARNING: [Synth 8-3331] design blk_mem_gen_prim_wrapper__parameterized9 has unconnected port SLEEP
WARNING: [Synth 8-3331] design blk_mem_gen_prim_wrapper__parameterized9 has unconnected port INJECTSBITERR
WARNING: [Synth 8-3331] design blk_mem_gen_prim_wrapper__parameterized9 has unconnected port INJECTDBITERR
WARNING: [Synth 8-3331] design blk_mem_gen_prim_wrapper__parameterized9 has unconnected port ECCPIPECE
WARNING: [Synth 8-3331] design blk_mem_gen_prim_wrapper__parameterized8 has unconnected port SBITERR
WARNING: [Synth 8-3331] design blk_mem_gen_prim_wrapper__parameterized8 has unconnected port DBITERR
WARNING: [Synth 8-3331] design blk_mem_gen_prim_wrapper__parameterized8 has unconnected port SSRA
WARNING: [Synth 8-3331] design blk_mem_gen_prim_wrapper__parameterized8 has unconnected port SSRB
WARNING: [Synth 8-3331] design blk_mem_gen_prim_wrapper__parameterized8 has unconnected port SLEEP
WARNING: [Synth 8-3331] design blk_mem_gen_prim_wrapper__parameterized8 has unconnected port INJECTSBITERR
WARNING: [Synth 8-3331] design blk_mem_gen_prim_wrapper__parameterized8 has unconnected port INJECTDBITERR
WARNING: [Synth 8-3331] design blk_mem_gen_prim_wrapper__parameterized8 has unconnected port ECCPIPECE
WARNING: [Synth 8-3331] design blk_mem_gen_prim_wrapper__parameterized7 has unconnected port SBITERR
WARNING: [Synth 8-3331] design blk_mem_gen_prim_wrapper__parameterized7 has unconnected port DBITERR
WARNING: [Synth 8-3331] design blk_mem_gen_prim_wrapper__parameterized7 has unconnected port SSRA
WARNING: [Synth 8-3331] design blk_mem_gen_prim_wrapper__parameterized7 has unconnected port SSRB
WARNING: [Synth 8-3331] design blk_mem_gen_prim_wrapper__parameterized7 has unconnected port SLEEP
WARNING: [Synth 8-3331] design blk_mem_gen_prim_wrapper__parameterized7 has unconnected port INJECTSBITERR
WARNING: [Synth 8-3331] design blk_mem_gen_prim_wrapper__parameterized7 has unconnected port INJECTDBITERR
WARNING: [Synth 8-3331] design blk_mem_gen_prim_wrapper__parameterized7 has unconnected port ECCPIPECE
WARNING: [Synth 8-3331] design blk_mem_gen_prim_wrapper__parameterized6 has unconnected port SBITERR
WARNING: [Synth 8-3331] design blk_mem_gen_prim_wrapper__parameterized6 has unconnected port DBITERR
WARNING: [Synth 8-3331] design blk_mem_gen_prim_wrapper__parameterized6 has unconnected port SSRA
WARNING: [Synth 8-3331] design blk_mem_gen_prim_wrapper__parameterized6 has unconnected port SSRB
WARNING: [Synth 8-3331] design blk_mem_gen_prim_wrapper__parameterized6 has unconnected port SLEEP
WARNING: [Synth 8-3331] design blk_mem_gen_prim_wrapper__parameterized6 has unconnected port INJECTSBITERR
WARNING: [Synth 8-3331] design blk_mem_gen_prim_wrapper__parameterized6 has unconnected port INJECTDBITERR
WARNING: [Synth 8-3331] design blk_mem_gen_prim_wrapper__parameterized6 has unconnected port ECCPIPECE
WARNING: [Synth 8-3331] design blk_mem_gen_prim_wrapper__parameterized5 has unconnected port SBITERR
WARNING: [Synth 8-3331] design blk_mem_gen_prim_wrapper__parameterized5 has unconnected port DBITERR
WARNING: [Synth 8-3331] design blk_mem_gen_prim_wrapper__parameterized5 has unconnected port SSRA
WARNING: [Synth 8-3331] design blk_mem_gen_prim_wrapper__parameterized5 has unconnected port SSRB
WARNING: [Synth 8-3331] design blk_mem_gen_prim_wrapper__parameterized5 has unconnected port SLEEP
WARNING: [Synth 8-3331] design blk_mem_gen_prim_wrapper__parameterized5 has unconnected port INJECTSBITERR
WARNING: [Synth 8-3331] design blk_mem_gen_prim_wrapper__parameterized5 has unconnected port INJECTDBITERR
WARNING: [Synth 8-3331] design blk_mem_gen_prim_wrapper__parameterized5 has unconnected port ECCPIPECE
WARNING: [Synth 8-3331] design blk_mem_gen_prim_wrapper__parameterized4 has unconnected port SBITERR
WARNING: [Synth 8-3331] design blk_mem_gen_prim_wrapper__parameterized4 has unconnected port DBITERR
WARNING: [Synth 8-3331] design blk_mem_gen_prim_wrapper__parameterized4 has unconnected port SSRA
WARNING: [Synth 8-3331] design blk_mem_gen_prim_wrapper__parameterized4 has unconnected port SSRB
WARNING: [Synth 8-3331] design blk_mem_gen_prim_wrapper__parameterized4 has unconnected port SLEEP
WARNING: [Synth 8-3331] design blk_mem_gen_prim_wrapper__parameterized4 has unconnected port INJECTSBITERR
WARNING: [Synth 8-3331] design blk_mem_gen_prim_wrapper__parameterized4 has unconnected port INJECTDBITERR
WARNING: [Synth 8-3331] design blk_mem_gen_prim_wrapper__parameterized4 has unconnected port ECCPIPECE
WARNING: [Synth 8-3331] design blk_mem_gen_prim_wrapper__parameterized3 has unconnected port SBITERR
WARNING: [Synth 8-3331] design blk_mem_gen_prim_wrapper__parameterized3 has unconnected port DBITERR
WARNING: [Synth 8-3331] design blk_mem_gen_prim_wrapper__parameterized3 has unconnected port SSRA
WARNING: [Synth 8-3331] design blk_mem_gen_prim_wrapper__parameterized3 has unconnected port SSRB
WARNING: [Synth 8-3331] design blk_mem_gen_prim_wrapper__parameterized3 has unconnected port SLEEP
WARNING: [Synth 8-3331] design blk_mem_gen_prim_wrapper__parameterized3 has unconnected port INJECTSBITERR
WARNING: [Synth 8-3331] design blk_mem_gen_prim_wrapper__parameterized3 has unconnected port INJECTDBITERR
WARNING: [Synth 8-3331] design blk_mem_gen_prim_wrapper__parameterized3 has unconnected port ECCPIPECE
WARNING: [Synth 8-3331] design blk_mem_gen_prim_wrapper__parameterized2 has unconnected port SBITERR
WARNING: [Synth 8-3331] design blk_mem_gen_prim_wrapper__parameterized2 has unconnected port DBITERR
WARNING: [Synth 8-3331] design blk_mem_gen_prim_wrapper__parameterized2 has unconnected port SSRA
WARNING: [Synth 8-3331] design blk_mem_gen_prim_wrapper__parameterized2 has unconnected port SSRB
WARNING: [Synth 8-3331] design blk_mem_gen_prim_wrapper__parameterized2 has unconnected port SLEEP
WARNING: [Synth 8-3331] design blk_mem_gen_prim_wrapper__parameterized2 has unconnected port INJECTSBITERR
WARNING: [Synth 8-3331] design blk_mem_gen_prim_wrapper__parameterized2 has unconnected port INJECTDBITERR
WARNING: [Synth 8-3331] design blk_mem_gen_prim_wrapper__parameterized2 has unconnected port ECCPIPECE
WARNING: [Synth 8-3331] design blk_mem_gen_prim_wrapper__parameterized1 has unconnected port SBITERR
WARNING: [Synth 8-3331] design blk_mem_gen_prim_wrapper__parameterized1 has unconnected port DBITERR
WARNING: [Synth 8-3331] design blk_mem_gen_prim_wrapper__parameterized1 has unconnected port SSRA
WARNING: [Synth 8-3331] design blk_mem_gen_prim_wrapper__parameterized1 has unconnected port SSRB
WARNING: [Synth 8-3331] design blk_mem_gen_prim_wrapper__parameterized1 has unconnected port SLEEP
INFO: [Common 17-14] Message 'Synth 8-3331' appears 100 times and further instances of the messages will be disabled. Use the Tcl command set_msg_config to change the current settings.
---------------------------------------------------------------------------------
Finished RTL Elaboration : Time (s): cpu = 00:00:44 ; elapsed = 00:00:47 . Memory (MB): peak = 1117.625 ; gain = 532.164
---------------------------------------------------------------------------------

Report Check Netlist: 
+------+------------------+-------+---------+-------+------------------+
|      |Item              |Errors |Warnings |Status |Description       |
+------+------------------+-------+---------+-------+------------------+
|1     |multi_driven_nets |      0|        0|Passed |Multi driven nets |
+------+------------------+-------+---------+-------+------------------+
---------------------------------------------------------------------------------
Start Handling Custom Attributes
---------------------------------------------------------------------------------
---------------------------------------------------------------------------------
Finished Handling Custom Attributes : Time (s): cpu = 00:00:44 ; elapsed = 00:00:47 . Memory (MB): peak = 1117.625 ; gain = 532.164
---------------------------------------------------------------------------------
---------------------------------------------------------------------------------
Finished RTL Optimization Phase 1 : Time (s): cpu = 00:00:44 ; elapsed = 00:00:47 . Memory (MB): peak = 1117.625 ; gain = 532.164
---------------------------------------------------------------------------------
Netlist sorting complete. Time (s): cpu = 00:00:00 ; elapsed = 00:00:00.022 . Memory (MB): peak = 1117.625 ; gain = 0.000
INFO: [Netlist 29-17] Analyzing 24 Unisim elements for replacement
INFO: [Netlist 29-28] Unisim Transformation completed in 0 CPU seconds
INFO: [Project 1-570] Preparing netlist for logic optimization

Processing XDC Constraints
Initializing timing engine
Parsing XDC File [c:/Users/Nana/6111Projects/Balls_col2/Balls_col2.srcs/sources_1/ip/frame_blk_mem/frame_blk_mem_ooc.xdc] for cell 'U0'
Finished Parsing XDC File [c:/Users/Nana/6111Projects/Balls_col2/Balls_col2.srcs/sources_1/ip/frame_blk_mem/frame_blk_mem_ooc.xdc] for cell 'U0'
Parsing XDC File [C:/Users/Nana/6111Projects/Balls_col2/Balls_col2.runs/frame_blk_mem_synth_1/dont_touch.xdc]
Finished Parsing XDC File [C:/Users/Nana/6111Projects/Balls_col2/Balls_col2.runs/frame_blk_mem_synth_1/dont_touch.xdc]
Completed Processing XDC Constraints

Netlist sorting complete. Time (s): cpu = 00:00:00 ; elapsed = 00:00:00 . Memory (MB): peak = 1117.625 ; gain = 0.000
INFO: [Project 1-111] Unisim Transformation Summary:
No Unisim elements were transformed.

Constraint Validation Runtime : Time (s): cpu = 00:00:00 ; elapsed = 00:00:00.058 . Memory (MB): peak = 1117.625 ; gain = 0.000
---------------------------------------------------------------------------------
Finished Constraint Validation : Time (s): cpu = 00:00:52 ; elapsed = 00:00:56 . Memory (MB): peak = 1117.625 ; gain = 532.164
---------------------------------------------------------------------------------
---------------------------------------------------------------------------------
Start Loading Part and Timing Information
---------------------------------------------------------------------------------
Loading part: xc7a100tcsg324-1
---------------------------------------------------------------------------------
Finished Loading Part and Timing Information : Time (s): cpu = 00:00:52 ; elapsed = 00:00:56 . Memory (MB): peak = 1117.625 ; gain = 532.164
---------------------------------------------------------------------------------
---------------------------------------------------------------------------------
Start Applying 'set_property' XDC Constraints
---------------------------------------------------------------------------------
Applied set_property DONT_TOUCH = true for U0. (constraint file  C:/Users/Nana/6111Projects/Balls_col2/Balls_col2.runs/frame_blk_mem_synth_1/dont_touch.xdc, line 9).
---------------------------------------------------------------------------------
Finished applying 'set_property' XDC Constraints : Time (s): cpu = 00:00:52 ; elapsed = 00:00:56 . Memory (MB): peak = 1117.625 ; gain = 532.164
---------------------------------------------------------------------------------
---------------------------------------------------------------------------------
Finished RTL Optimization Phase 2 : Time (s): cpu = 00:00:53 ; elapsed = 00:00:57 . Memory (MB): peak = 1117.625 ; gain = 532.164
---------------------------------------------------------------------------------

Report RTL Partitions: 
+-+--------------+------------+----------+
| |RTL Partition |Replication |Instances |
+-+--------------+------------+----------+
+-+--------------+------------+----------+
---------------------------------------------------------------------------------
Start RTL Component Statistics 
---------------------------------------------------------------------------------
Detailed RTL Component Info : 
+---Registers : 
	               20 Bit    Registers := 2     
	                6 Bit    Registers := 4     
+---Muxes : 
	   2 Input      1 Bit        Muxes := 130   
---------------------------------------------------------------------------------
Finished RTL Component Statistics 
---------------------------------------------------------------------------------
---------------------------------------------------------------------------------
Start RTL Hierarchical Component Statistics 
---------------------------------------------------------------------------------
Hierarchical RTL Component report 
Module bindec 
Detailed RTL Component Info : 
+---Muxes : 
	   2 Input      1 Bit        Muxes := 64    
Module blk_mem_gen_mux 
Detailed RTL Component Info : 
+---Registers : 
	               20 Bit    Registers := 1     
	                6 Bit    Registers := 2     
+---Muxes : 
	   2 Input      1 Bit        Muxes := 1     
Module blk_mem_gen_mux__parameterized0 
Detailed RTL Component Info : 
+---Registers : 
	               20 Bit    Registers := 1     
	                6 Bit    Registers := 2     
+---Muxes : 
	   2 Input      1 Bit        Muxes := 1     
---------------------------------------------------------------------------------
Finished RTL Hierarchical Component Statistics
---------------------------------------------------------------------------------
---------------------------------------------------------------------------------
Start Part Resource Summary
---------------------------------------------------------------------------------
Part Resources:
DSPs: 240 (col length:80)
BRAMs: 270 (col length: RAMB18 80 RAMB36 40)
---------------------------------------------------------------------------------
Finished Part Resource Summary
---------------------------------------------------------------------------------
---------------------------------------------------------------------------------
Start Cross Boundary and Area Optimization
---------------------------------------------------------------------------------
Warning: Parallel synthesis criteria is not met 
---------------------------------------------------------------------------------
Finished Cross Boundary and Area Optimization : Time (s): cpu = 00:00:56 ; elapsed = 00:01:00 . Memory (MB): peak = 1117.625 ; gain = 532.164
---------------------------------------------------------------------------------

Report RTL Partitions: 
+-+--------------+------------+----------+
| |RTL Partition |Replication |Instances |
+-+--------------+------------+----------+
+-+--------------+------------+----------+
---------------------------------------------------------------------------------
Start Applying XDC Timing Constraints
---------------------------------------------------------------------------------
---------------------------------------------------------------------------------
Finished Applying XDC Timing Constraints : Time (s): cpu = 00:01:04 ; elapsed = 00:01:08 . Memory (MB): peak = 1117.625 ; gain = 532.164
---------------------------------------------------------------------------------
---------------------------------------------------------------------------------
Start Timing Optimization
---------------------------------------------------------------------------------
---------------------------------------------------------------------------------
Finished Timing Optimization : Time (s): cpu = 00:01:04 ; elapsed = 00:01:08 . Memory (MB): peak = 1117.625 ; gain = 532.164
---------------------------------------------------------------------------------

Report RTL Partitions: 
+-+--------------+------------+----------+
| |RTL Partition |Replication |Instances |
+-+--------------+------------+----------+
+-+--------------+------------+----------+
---------------------------------------------------------------------------------
Start Technology Mapping
---------------------------------------------------------------------------------
---------------------------------------------------------------------------------
Finished Technology Mapping : Time (s): cpu = 00:01:04 ; elapsed = 00:01:08 . Memory (MB): peak = 1117.625 ; gain = 532.164
---------------------------------------------------------------------------------

Report RTL Partitions: 
+-+--------------+------------+----------+
| |RTL Partition |Replication |Instances |
+-+--------------+------------+----------+
+-+--------------+------------+----------+
---------------------------------------------------------------------------------
Start IO Insertion
---------------------------------------------------------------------------------
---------------------------------------------------------------------------------
Start Flattening Before IO Insertion
---------------------------------------------------------------------------------
---------------------------------------------------------------------------------
Finished Flattening Before IO Insertion
---------------------------------------------------------------------------------
---------------------------------------------------------------------------------
Start Final Netlist Cleanup
---------------------------------------------------------------------------------
---------------------------------------------------------------------------------
Finished Final Netlist Cleanup
---------------------------------------------------------------------------------
---------------------------------------------------------------------------------
Finished IO Insertion : Time (s): cpu = 00:01:09 ; elapsed = 00:01:13 . Memory (MB): peak = 1117.625 ; gain = 532.164
---------------------------------------------------------------------------------
---------------------------------------------------------------------------------
Start Renaming Generated Instances
---------------------------------------------------------------------------------
---------------------------------------------------------------------------------
Finished Renaming Generated Instances : Time (s): cpu = 00:01:09 ; elapsed = 00:01:13 . Memory (MB): peak = 1117.625 ; gain = 532.164
---------------------------------------------------------------------------------

Report RTL Partitions: 
+-+--------------+------------+----------+
| |RTL Partition |Replication |Instances |
+-+--------------+------------+----------+
+-+--------------+------------+----------+

Report Check Netlist: 
+------+------------------+-------+---------+-------+------------------+
|      |Item              |Errors |Warnings |Status |Description       |
+------+------------------+-------+---------+-------+------------------+
|1     |multi_driven_nets |      0|        0|Passed |Multi driven nets |
+------+------------------+-------+---------+-------+------------------+
---------------------------------------------------------------------------------
Start Rebuilding User Hierarchy
---------------------------------------------------------------------------------
---------------------------------------------------------------------------------
Finished Rebuilding User Hierarchy : Time (s): cpu = 00:01:09 ; elapsed = 00:01:13 . Memory (MB): peak = 1117.625 ; gain = 532.164
---------------------------------------------------------------------------------
---------------------------------------------------------------------------------
Start Renaming Generated Ports
---------------------------------------------------------------------------------
---------------------------------------------------------------------------------
Finished Renaming Generated Ports : Time (s): cpu = 00:01:09 ; elapsed = 00:01:13 . Memory (MB): peak = 1117.625 ; gain = 532.164
---------------------------------------------------------------------------------
---------------------------------------------------------------------------------
Start Handling Custom Attributes
---------------------------------------------------------------------------------
---------------------------------------------------------------------------------
Finished Handling Custom Attributes : Time (s): cpu = 00:01:09 ; elapsed = 00:01:13 . Memory (MB): peak = 1117.625 ; gain = 532.164
---------------------------------------------------------------------------------
---------------------------------------------------------------------------------
Start Renaming Generated Nets
---------------------------------------------------------------------------------
---------------------------------------------------------------------------------
Finished Renaming Generated Nets : Time (s): cpu = 00:01:09 ; elapsed = 00:01:13 . Memory (MB): peak = 1117.625 ; gain = 532.164
---------------------------------------------------------------------------------
---------------------------------------------------------------------------------
Start Writing Synthesis Report
---------------------------------------------------------------------------------

Report BlackBoxes: 
+-+--------------+----------+
| |BlackBox name |Instances |
+-+--------------+----------+
+-+--------------+----------+

Report Cell Usage: 
+------+-----------+------+
|      |Cell       |Count |
+------+-----------+------+
|1     |LUT5       |    26|
|2     |LUT6       |     6|
|3     |RAMB36E1   |    12|
|4     |RAMB36E1_1 |    12|
|5     |FDRE       |    16|
+------+-----------+------+

Report Instance Areas: 
+------+---------------------------------------------+------------------------------------------+------+
|      |Instance                                     |Module                                    |Cells |
+------+---------------------------------------------+------------------------------------------+------+
|1     |top                                          |                                          |    72|
|2     |  U0                                         |blk_mem_gen_v8_4_4                        |    72|
|3     |    inst_blk_mem_gen                         |blk_mem_gen_v8_4_4_synth                  |    72|
|4     |      \gnbram.gnativebmg.native_blk_mem_gen  |blk_mem_gen_top                           |    72|
|5     |        \valid.cstr                          |blk_mem_gen_generic_cstr                  |    72|
|6     |          \has_mux_a.A                       |blk_mem_gen_mux                           |    12|
|7     |          \has_mux_b.B                       |blk_mem_gen_mux__parameterized0           |    12|
|8     |          \ramloop[0].ram.r                  |blk_mem_gen_prim_width                    |     4|
|9     |            \prim_noinit.ram                 |blk_mem_gen_prim_wrapper                  |     4|
|10    |          \ramloop[10].ram.r                 |blk_mem_gen_prim_width__parameterized9    |     4|
|11    |            \prim_noinit.ram                 |blk_mem_gen_prim_wrapper__parameterized9  |     4|
|12    |          \ramloop[11].ram.r                 |blk_mem_gen_prim_width__parameterized10   |     4|
|13    |            \prim_noinit.ram                 |blk_mem_gen_prim_wrapper__parameterized10 |     4|
|14    |          \ramloop[1].ram.r                  |blk_mem_gen_prim_width__parameterized0    |     4|
|15    |            \prim_noinit.ram                 |blk_mem_gen_prim_wrapper__parameterized0  |     4|
|16    |          \ramloop[2].ram.r                  |blk_mem_gen_prim_width__parameterized1    |     4|
|17    |            \prim_noinit.ram                 |blk_mem_gen_prim_wrapper__parameterized1  |     4|
|18    |          \ramloop[3].ram.r                  |blk_mem_gen_prim_width__parameterized2    |     4|
|19    |            \prim_noinit.ram                 |blk_mem_gen_prim_wrapper__parameterized2  |     4|
|20    |          \ramloop[4].ram.r                  |blk_mem_gen_prim_width__parameterized3    |     4|
|21    |            \prim_noinit.ram                 |blk_mem_gen_prim_wrapper__parameterized3  |     4|
|22    |          \ramloop[5].ram.r                  |blk_mem_gen_prim_width__parameterized4    |     4|
|23    |            \prim_noinit.ram                 |blk_mem_gen_prim_wrapper__parameterized4  |     4|
|24    |          \ramloop[6].ram.r                  |blk_mem_gen_prim_width__parameterized5    |     4|
|25    |            \prim_noinit.ram                 |blk_mem_gen_prim_wrapper__parameterized5  |     4|
|26    |          \ramloop[7].ram.r                  |blk_mem_gen_prim_width__parameterized6    |     4|
|27    |            \prim_noinit.ram                 |blk_mem_gen_prim_wrapper__parameterized6  |     4|
|28    |          \ramloop[8].ram.r                  |blk_mem_gen_prim_width__parameterized7    |     4|
|29    |            \prim_noinit.ram                 |blk_mem_gen_prim_wrapper__parameterized7  |     4|
|30    |          \ramloop[9].ram.r                  |blk_mem_gen_prim_width__parameterized8    |     4|
|31    |            \prim_noinit.ram                 |blk_mem_gen_prim_wrapper__parameterized8  |     4|
+------+---------------------------------------------+------------------------------------------+------+
---------------------------------------------------------------------------------
Finished Writing Synthesis Report : Time (s): cpu = 00:01:09 ; elapsed = 00:01:13 . Memory (MB): peak = 1117.625 ; gain = 532.164
---------------------------------------------------------------------------------
Synthesis finished with 0 errors, 0 critical warnings and 119 warnings.
Synthesis Optimization Runtime : Time (s): cpu = 00:00:22 ; elapsed = 00:01:10 . Memory (MB): peak = 1117.625 ; gain = 532.164
Synthesis Optimization Complete : Time (s): cpu = 00:01:09 ; elapsed = 00:01:13 . Memory (MB): peak = 1117.625 ; gain = 532.164
INFO: [Project 1-571] Translating synthesized netlist
Netlist sorting complete. Time (s): cpu = 00:00:00 ; elapsed = 00:00:00.010 . Memory (MB): peak = 1117.625 ; gain = 0.000
INFO: [Netlist 29-17] Analyzing 24 Unisim elements for replacement
INFO: [Netlist 29-28] Unisim Transformation completed in 0 CPU seconds
INFO: [Project 1-570] Preparing netlist for logic optimization
INFO: [Opt 31-138] Pushed 0 inverter(s) to 0 load pin(s).
Netlist sorting complete. Time (s): cpu = 00:00:00 ; elapsed = 00:00:00 . Memory (MB): peak = 1117.625 ; gain = 0.000
INFO: [Project 1-111] Unisim Transformation Summary:
No Unisim elements were transformed.

INFO: [Common 17-83] Releasing license: Synthesis
17 Infos, 100 Warnings, 0 Critical Warnings and 0 Errors encountered.
synth_design completed successfully
synth_design: Time (s): cpu = 00:01:15 ; elapsed = 00:01:20 . Memory (MB): peak = 1117.625 ; gain = 819.688
Netlist sorting complete. Time (s): cpu = 00:00:00 ; elapsed = 00:00:00.001 . Memory (MB): peak = 1117.625 ; gain = 0.000
WARNING: [Constraints 18-5210] No constraints selected for write.
Resolution: This message can indicate that there are no constraints for the design, or it can indicate that the used_in flags are set such that the constraints are ignored. This later case is used when running synth_design to not write synthesis constraints to the resulting checkpoint. Instead, project constraints are read when the synthesized design is opened.
INFO: [Common 17-1381] The checkpoint 'C:/Users/Nana/6111Projects/Balls_col2/Balls_col2.runs/frame_blk_mem_synth_1/frame_blk_mem.dcp' has been generated.
WARNING: [Common 17-576] 'use_project_ipc' is deprecated. This option is deprecated and no longer used.
INFO: [Coretcl 2-1648] Added synthesis output to IP cache for IP frame_blk_mem, cache-ID = 0f6bd20125c76b7b
INFO: [Coretcl 2-1174] Renamed 30 cell refs.
Netlist sorting complete. Time (s): cpu = 00:00:00 ; elapsed = 00:00:00 . Memory (MB): peak = 1117.625 ; gain = 0.000
WARNING: [Constraints 18-5210] No constraints selected for write.
Resolution: This message can indicate that there are no constraints for the design, or it can indicate that the used_in flags are set such that the constraints are ignored. This later case is used when running synth_design to not write synthesis constraints to the resulting checkpoint. Instead, project constraints are read when the synthesized design is opened.
INFO: [Common 17-1381] The checkpoint 'C:/Users/Nana/6111Projects/Balls_col2/Balls_col2.runs/frame_blk_mem_synth_1/frame_blk_mem.dcp' has been generated.
INFO: [runtcl-4] Executing : report_utilization -file frame_blk_mem_utilization_synth.rpt -pb frame_blk_mem_utilization_synth.pb
INFO: [Common 17-206] Exiting Vivado at Fri Dec 10 02:57:27 2021...
